mktextfm ecrm1095
mktextfm ecss1095
mktextfm ecsx1095
mktextfm ecsx1440
mktextfm ecti1095
mktextfm ectt1095
mktextfm ecrm1095
mktextfm ecss1095
mktextfm ecsx1095
mktextfm ecsx1440
mktextfm ecti1095
mktextfm ectt1095
mktextfm ecrm1095
mktextfm ecss1095
mktextfm ecsx1095
mktextfm ecsx1440
mktextfm ecti1095
mktextfm ectt1095
mktextfm ecrm1095
mktextfm ecss1095
mktextfm ecsx1095
mktextfm ecsx1440
mktextfm ecti1095
mktextfm ectt1095
mktextfm ecrm1095
mktextfm ecss1095
mktextfm ecsx1095
mktextfm ecsx1440
mktextfm ecti1095
mktextfm ectt1095
mktextfm ecrm1095
mktextfm ecss1095
mktextfm ecsx1095
mktextfm ecsx1440
mktextfm ecti1095
mktextfm ectt1095
mktextfm ecrm1095
mktextfm ecss1095
mktextfm ecsx1095
mktextfm ecsx1440
mktextfm ecti1095
mktextfm ectt1095
mktextfm ecrm1095
mktextfm ecss1095
mktextfm ecsx1095
mktextfm ecsx1440
mktextfm ecti1095
mktextfm ectt1095
