This is pdfTeX, Version 3.14159265-2.6-1.40.15 (TeX Live 2014/Debian) (preloaded format=pdflatex 2015.2.4)  7 FEB 2015 19:35
entering extended mode
 restricted \write18 enabled.
 %&-line parsing enabled.
**resultat.tex
(./resultat.tex
LaTeX2e <2014/05/01>
Babel <3.9k> and hyphenation patterns for 2 languages loaded.
! Undefined control sequence.
l.1 \section
            {Resultat}
The control sequence at the end of the top line
of your error message was never \def'ed. If you have
misspelled it (e.g., `\hobx'), type `I' and the correct
spelling (e.g., `I\hbox'). Otherwise just continue,
and I'll forget about whatever was undefined.


! LaTeX Error: Missing \begin{document}.

See the LaTeX manual or LaTeX Companion for explanation.
Type  H <return>  for immediate help.
 ...                                              
                                                  
l.1 \section{R
              esultat}
You're in trouble here.  Try typing  <return>  to proceed.
If that doesn't work, type  X <return>  to quit.

Missing character: There is no R in font nullfont!
Missing character: There is no e in font nullfont!
Missing character: There is no s in font nullfont!
Missing character: There is no u in font nullfont!
Missing character: There is no l in font nullfont!
Missing character: There is no t in font nullfont!
Missing character: There is no a in font nullfont!
Missing character: There is no t in font nullfont!

Overfull \hbox (20.0pt too wide) in paragraph at lines 1--2
[] 
 []


! LaTeX Error: Missing \begin{document}.

See the LaTeX manual or LaTeX Companion for explanation.
Type  H <return>  for immediate help.
 ...                                              
                                                  
l.3 ...ns att sk√•da i sin helhet i Appendix ????}
                                                  
You're in trouble here.  Try typing  <return>  to proceed.
If that doesn't work, type  X <return>  to quit.

Missing character: There is no √ in font cmti10!
Missing character: There is no • in font cmti10!

Overfull \hbox (37.39989pt too wide) in paragraph at lines 3--4
[]\OT1/cmr/m/it/10 Kod
 []


Overfull \hbox (12.01103pt too wide) in paragraph at lines 3--4
\OT1/cmr/m/it/10 till
 []


Overfull \hbox (36.03311pt too wide) in paragraph at lines 3--4
\OT1/cmr/m/it/10 samtliga
 []


Overfull \hbox (24.40538pt too wide) in paragraph at lines 3--4
\OT1/cmr/m/it/10 script
 []


Overfull \hbox (20.95544pt too wide) in paragraph at lines 3--4
\OT1/cmr/m/it/10 finns
 []


Overfull \hbox (11.75546pt too wide) in paragraph at lines 3--4
\OT1/cmr/m/it/10 att
 []


Overfull \hbox (18.911pt too wide) in paragraph at lines 3--4
\OT1/cmr/m/it/10 skda
 []


Overfull \hbox (3.06665pt too wide) in paragraph at lines 3--4
\OT1/cmr/m/it/10 i
 []


Overfull \hbox (12.77771pt too wide) in paragraph at lines 3--4
\OT1/cmr/m/it/10 sin
 []


Overfull \hbox (15.84433pt too wide) in paragraph at lines 3--4
\OT1/cmr/m/it/10 hel-
 []


Overfull \hbox (13.03323pt too wide) in paragraph at lines 3--4
\OT1/cmr/m/it/10 het
 []


Overfull \hbox (3.06665pt too wide) in paragraph at lines 3--4
\OT1/cmr/m/it/10 i
 []


Overfull \hbox (16.12212pt too wide) in paragraph at lines 3--4
\OT1/cmr/m/it/10 Ap-
 []


Overfull \hbox (27.63872pt too wide) in paragraph at lines 3--4
\OT1/cmr/m/it/10 pendix
 []


Overfull \hbox (21.66933pt too wide) in paragraph at lines 3--4
\OT1/cmr/m/it/10 ???? 
 []


! LaTeX Error: Missing \begin{document}.

See the LaTeX manual or LaTeX Companion for explanation.
Type  H <return>  for immediate help.
 ...                                              
                                                  
l.5 N
     edan f√∂ljer ett diary-exempel √∂ver en k√∂rning av skriptet \texttt{Ge...

You're in trouble here.  Try typing  <return>  to proceed.
If that doesn't work, type  X <return>  to quit.

Missing character: There is no N in font nullfont!
Missing character: There is no e in font nullfont!
Missing character: There is no d in font nullfont!
Missing character: There is no a in font nullfont!
Missing character: There is no n in font nullfont!
Missing character: There is no f in font nullfont!
Missing character: There is no √ in font nullfont!
Missing character: There is no ∂ in font nullfont!
Missing character: There is no l in font nullfont!
Missing character: There is no j in font nullfont!
Missing character: There is no e in font nullfont!
Missing character: There is no r in font nullfont!
Missing character: There is no e in font nullfont!
Missing character: There is no t in font nullfont!
Missing character: There is no t in font nullfont!
Missing character: There is no d in font nullfont!
Missing character: There is no i in font nullfont!
Missing character: There is no a in font nullfont!
Missing character: There is no r in font nullfont!
Missing character: There is no y in font nullfont!
Missing character: There is no - in font nullfont!
Missing character: There is no e in font nullfont!
Missing character: There is no x in font nullfont!
Missing character: There is no e in font nullfont!
Missing character: There is no m in font nullfont!
Missing character: There is no p in font nullfont!
Missing character: There is no e in font nullfont!
Missing character: There is no l in font nullfont!
Missing character: There is no √ in font nullfont!
Missing character: There is no ∂ in font nullfont!
Missing character: There is no v in font nullfont!
Missing character: There is no e in font nullfont!
Missing character: There is no r in font nullfont!
Missing character: There is no e in font nullfont!
Missing character: There is no n in font nullfont!
Missing character: There is no k in font nullfont!
Missing character: There is no √ in font nullfont!
Missing character: There is no ∂ in font nullfont!
Missing character: There is no r in font nullfont!
Missing character: There is no n in font nullfont!
Missing character: There is no i in font nullfont!
Missing character: There is no n in font nullfont!
Missing character: There is no g in font nullfont!
Missing character: There is no a in font nullfont!
Missing character: There is no v in font nullfont!
Missing character: There is no s in font nullfont!
Missing character: There is no k in font nullfont!
Missing character: There is no r in font nullfont!
Missing character: There is no i in font nullfont!
Missing character: There is no p in font nullfont!
Missing character: There is no t in font nullfont!
Missing character: There is no e in font nullfont!
Missing character: There is no t in font nullfont!
Missing character: There is no . in font nullfont!

Overfull \hbox (20.0pt too wide) in paragraph at lines 5--6
[]
 []


Overfull \hbox (57.7495pt too wide) in paragraph at lines 5--6
\OT1/cmtt/m/n/10 GenOscSim.m 
 []


! LaTeX Error: Missing \begin{document}.

See the LaTeX manual or LaTeX Companion for explanation.
Type  H <return>  for immediate help.
 ...                                              
                                                  
l.18 	diary off}
                
You're in trouble here.  Try typing  <return>  to proceed.
If that doesn't work, type  X <return>  to quit.

Runaway argument?
{genOscSim 
! Paragraph ended before \text@command was complete.
<to be read again> 
                   \par 
l.18 	diary off}
                
I suspect you've forgotten a `}', causing me to apply this
control sequence to too much text. How can we recover?
My plan is to forget the whole thing and hope for the best.


Overfull \hbox (20.0pt too wide) in paragraph at lines 18--18
[] 
 []


! LaTeX Error: Missing \begin{document}.

See the LaTeX manual or LaTeX Companion for explanation.
Type  H <return>  for immediate help.
 ...                                              
                                                  
l.18 	diary off}
                
You're in trouble here.  Try typing  <return>  to proceed.
If that doesn't work, type  X <return>  to quit.

Missing character: There is no o in font nullfont!
Missing character: There is no d in font nullfont!
Missing character: There is no e in font nullfont!
Missing character: There is no 4 in font nullfont!
Missing character: There is no 5 in font nullfont!
Missing character: There is no = in font nullfont!

Overfull \hbox (20.0pt too wide) in paragraph at lines 18--18
[]
 []


! LaTeX Error: Missing \begin{document}.

See the LaTeX manual or LaTeX Companion for explanation.
Type  H <return>  for immediate help.
 ...                                              
                                                  
l.18 	diary off}
                
You're in trouble here.  Try typing  <return>  to proceed.
If that doesn't work, type  X <return>  to quit.

Missing character: There is no 2 in font nullfont!
Missing character: There is no 0 in font nullfont!
Missing character: There is no . in font nullfont!
Missing character: There is no 3 in font nullfont!
Missing character: There is no 8 in font nullfont!
Missing character: There is no 9 in font nullfont!
Missing character: There is no 8 in font nullfont!

Overfull \hbox (20.0pt too wide) in paragraph at lines 18--18
[] 
 []


! LaTeX Error: Missing \begin{document}.

See the LaTeX manual or LaTeX Companion for explanation.
Type  H <return>  for immediate help.
 ...                                              
                                                  
l.18 	diary off}
                
You're in trouble here.  Try typing  <return>  to proceed.
If that doesn't work, type  X <return>  to quit.

Missing character: There is no o in font nullfont!
Missing character: There is no d in font nullfont!
Missing character: There is no e in font nullfont!
Missing character: There is no 1 in font nullfont!
Missing character: There is no 5 in font nullfont!
Missing character: There is no s in font nullfont!
Missing character: There is no = in font nullfont!

Overfull \hbox (20.0pt too wide) in paragraph at lines 18--18
[]
 []


! LaTeX Error: Missing \begin{document}.

See the LaTeX manual or LaTeX Companion for explanation.
Type  H <return>  for immediate help.
 ...                                              
                                                  
l.18 	diary off}
                
You're in trouble here.  Try typing  <return>  to proceed.
If that doesn't work, type  X <return>  to quit.

Missing character: There is no 0 in font nullfont!
Missing character: There is no . in font nullfont!
Missing character: There is no 8 in font nullfont!
Missing character: There is no 5 in font nullfont!
Missing character: There is no 5 in font nullfont!
Missing character: There is no 4 in font nullfont!

Overfull \hbox (20.0pt too wide) in paragraph at lines 18--18
[] 
 []


! LaTeX Error: Missing \begin{document}.

See the LaTeX manual or LaTeX Companion for explanation.
Type  H <return>  for immediate help.
 ...                                              
                                                  
l.18 	diary off}
                
You're in trouble here.  Try typing  <return>  to proceed.
If that doesn't work, type  X <return>  to quit.

Missing character: There is no d in font nullfont!
Missing character: There is no i in font nullfont!
Missing character: There is no a in font nullfont!
Missing character: There is no r in font nullfont!
Missing character: There is no y in font nullfont!
Missing character: There is no o in font nullfont!
Missing character: There is no f in font nullfont!
Missing character: There is no f in font nullfont!

Overfull \hbox (20.0pt too wide) in paragraph at lines 18--18
[]
 []


Overfull \hbox (47.24959pt too wide) in paragraph at lines 18--18
\OT1/cmtt/m/n/10 genOscSim 
 []


! LaTeX Error: Missing \begin{document}.

See the LaTeX manual or LaTeX Companion for explanation.
Type  H <return>  for immediate help.
 ...                                              
                                                  
l.18 	diary off}
                
You're in trouble here.  Try typing  <return>  to proceed.
If that doesn't work, type  X <return>  to quit.


Overfull \hbox (46.24977pt too wide) in paragraph at lines 18--18
[]\OT1/cmtt/m/n/10 ode45
 []


Overfull \hbox (5.24995pt too wide) in paragraph at lines 18--18
\OT1/cmtt/m/n/10 = 
 []


! LaTeX Error: Missing \begin{document}.

See the LaTeX manual or LaTeX Companion for explanation.
Type  H <return>  for immediate help.
 ...                                              
                                                  
l.18 	diary off}
                
You're in trouble here.  Try typing  <return>  to proceed.
If that doesn't work, type  X <return>  to quit.


Overfull \hbox (56.74968pt too wide) in paragraph at lines 18--18
[]\OT1/cmtt/m/n/10 20.3898 
 []


! LaTeX Error: Missing \begin{document}.

See the LaTeX manual or LaTeX Companion for explanation.
Type  H <return>  for immediate help.
 ...                                              
                                                  
l.18 	diary off}
                
You're in trouble here.  Try typing  <return>  to proceed.
If that doesn't work, type  X <return>  to quit.


Overfull \hbox (51.49973pt too wide) in paragraph at lines 18--18
[]\OT1/cmtt/m/n/10 ode15s
 []


Overfull \hbox (5.24995pt too wide) in paragraph at lines 18--18
\OT1/cmtt/m/n/10 = 
 []


! LaTeX Error: Missing \begin{document}.

See the LaTeX manual or LaTeX Companion for explanation.
Type  H <return>  for immediate help.
 ...                                              
                                                  
l.18 	diary off}
                
You're in trouble here.  Try typing  <return>  to proceed.
If that doesn't work, type  X <return>  to quit.


Overfull \hbox (51.49973pt too wide) in paragraph at lines 18--18
[]\OT1/cmtt/m/n/10 0.8554 
 []


! LaTeX Error: Missing \begin{document}.

See the LaTeX manual or LaTeX Companion for explanation.
Type  H <return>  for immediate help.
 ...                                              
                                                  
l.18 	diary off}
                
You're in trouble here.  Try typing  <return>  to proceed.
If that doesn't work, type  X <return>  to quit.

! Too many }'s.
<recently read> \egroup 
                        
l.18 	diary off}
                
You've closed more groups than you opened.
Such booboos are generally harmless, so keep going.


Overfull \hbox (46.24977pt too wide) in paragraph at lines 18--19
[]\OT1/cmtt/m/n/10 diary
 []


Overfull \hbox (15.74986pt too wide) in paragraph at lines 18--19
\OT1/cmtt/m/n/10 off 
 []


! LaTeX Error: Missing \begin{document}.

See the LaTeX manual or LaTeX Companion for explanation.
Type  H <return>  for immediate help.
 ...                                              
                                                  
l.20 P
      LOT AV OSCILLATOR (GenOsc.fig) \label{GenOsc}
You're in trouble here.  Try typing  <return>  to proceed.
If that doesn't work, type  X <return>  to quit.


Overfull \hbox (40.99982pt too wide) in paragraph at lines 20--22
[]\OT1/cmtt/m/n/10 PLOT
 []


Overfull \hbox (10.49991pt too wide) in paragraph at lines 20--22
\OT1/cmtt/m/n/10 AV
 []


Overfull \hbox (52.49954pt too wide) in paragraph at lines 20--22
\OT1/cmtt/m/n/10 OSCILLATOR
 []


Overfull \hbox (62.99945pt too wide) in paragraph at lines 20--22
\OT1/cmtt/m/n/10 (GenOsc.fig)
 []


Overfull \hbox (20.99982pt too wide) in paragraph at lines 20--22
[]\OT1/cmtt/m/n/10 PLOT
 []


Overfull \hbox (10.49991pt too wide) in paragraph at lines 20--22
\OT1/cmtt/m/n/10 AV
 []


Overfull \hbox (52.49954pt too wide) in paragraph at lines 20--22
\OT1/cmtt/m/n/10 OSCILLATOR
 []


Overfull \hbox (78.74931pt too wide) in paragraph at lines 20--22
\OT1/cmtt/m/n/10 (GenOsc008.fig)
 []


! LaTeX Error: Missing \begin{document}.

See the LaTeX manual or LaTeX Companion for explanation.
Type  H <return>  for immediate help.
 ...                                              
                                                  
l.23 P
      LOT AV STEGL√ÑNGD (Steglangd.fig) \label{Steg}
You're in trouble here.  Try typing  <return>  to proceed.
If that doesn't work, type  X <return>  to quit.

Missing character: There is no √ in font cmtt10!
Missing character: There is no Ñ in font cmtt10!

Overfull \hbox (40.99982pt too wide) in paragraph at lines 23--24
[]\OT1/cmtt/m/n/10 PLOT
 []


Overfull \hbox (10.49991pt too wide) in paragraph at lines 23--24
\OT1/cmtt/m/n/10 AV
 []


Overfull \hbox (41.99963pt too wide) in paragraph at lines 23--24
\OT1/cmtt/m/n/10 STEGLNGD
 []


Overfull \hbox (78.74931pt too wide) in paragraph at lines 23--24
\OT1/cmtt/m/n/10 (Steglangd.fig)
 []


! LaTeX Error: Missing \begin{document}.

See the LaTeX manual or LaTeX Companion for explanation.
Type  H <return>  for immediate help.
 ...                                              
                                                  
l.25 V
      ariablerna \texttt{ode45} och \texttt{ode15s} √§r tiden i sekunder som...

You're in trouble here.  Try typing  <return>  to proceed.
If that doesn't work, type  X <return>  to quit.

Missing character: There is no √ in font cmtt10!
Missing character: There is no § in font cmtt10!
Missing character: There is no √ in font cmtt10!
Missing character: There is no • in font cmtt10!
Missing character: There is no √ in font cmtt10!
Missing character: There is no • in font cmtt10!
Missing character: There is no √ in font cmtt10!
Missing character: There is no ∂ in font cmtt10!
Missing character: There is no √ in font cmtt10!
Missing character: There is no ∂ in font cmtt10!
Missing character: There is no √ in font cmtt10!
Missing character: There is no ∂ in font cmtt10!

Overfull \hbox (77.7495pt too wide) in paragraph at lines 25--26
[]\OT1/cmtt/m/n/10 Variablerna
 []


Overfull \hbox (26.24977pt too wide) in paragraph at lines 25--26
\OT1/cmtt/m/n/10 ode45
 []


Overfull \hbox (15.74986pt too wide) in paragraph at lines 25--26
\OT1/cmtt/m/n/10 och
 []


Overfull \hbox (31.49973pt too wide) in paragraph at lines 25--26
\OT1/cmtt/m/n/10 ode15s
 []


Overfull \hbox (5.24995pt too wide) in paragraph at lines 25--26
\OT1/cmtt/m/n/10 r
 []


Overfull \hbox (26.24977pt too wide) in paragraph at lines 25--26
\OT1/cmtt/m/n/10 tiden
 []


Overfull \hbox (5.24995pt too wide) in paragraph at lines 25--26
\OT1/cmtt/m/n/10 i
 []


Overfull \hbox (41.99963pt too wide) in paragraph at lines 25--26
\OT1/cmtt/m/n/10 sekunder
 []


Overfull \hbox (15.74986pt too wide) in paragraph at lines 25--26
\OT1/cmtt/m/n/10 som
 []


Overfull \hbox (15.74986pt too wide) in paragraph at lines 25--26
\OT1/cmtt/m/n/10 har
 []


Overfull \hbox (15.74986pt too wide) in paragraph at lines 25--26
\OT1/cmtt/m/n/10 gtt
 []


Overfull \hbox (5.24995pt too wide) in paragraph at lines 25--26
\OT1/cmtt/m/n/10 t
 []


Overfull \hbox (10.49991pt too wide) in paragraph at lines 25--26
\OT1/cmtt/m/n/10 fr
 []


Overfull \hbox (15.74986pt too wide) in paragraph at lines 25--26
\OT1/cmtt/m/n/10 att
 []


Overfull \hbox (15.74986pt too wide) in paragraph at lines 25--26
\OT1/cmtt/m/n/10 lsa
 []


Overfull \hbox (125.9989pt too wide) in paragraph at lines 25--26
\OT1/cmtt/m/n/10 differentialekvationerna
 []


Overfull \hbox (15.74986pt too wide) in paragraph at lines 25--26
\OT1/cmtt/m/n/10 med
 []


Overfull \hbox (52.49954pt too wide) in paragraph at lines 25--26
\OT1/cmtt/m/n/10 respektive
 []


Overfull \hbox (36.74968pt too wide) in paragraph at lines 25--26
\OT1/cmtt/m/n/10 lsning. 
 []


! LaTeX Error: Missing \begin{document}.

See the LaTeX manual or LaTeX Companion for explanation.
Type  H <return>  for immediate help.
 ...                                              
                                                  
l.27 F
      igur \ref{GenOsc} visar hur m√§ngden av de b√•da proteinerna varierar ...

You're in trouble here.  Try typing  <return>  to proceed.
If that doesn't work, type  X <return>  to quit.

! Undefined control sequence.
<write> ...g: Reference `GenOsc' on page \thepage 
                                                  \space undefined\on@line .
l.27 Figur \ref{GenOsc}
                        visar hur m√§ngden av de b√•da proteinerna varierar ...
The control sequence at the end of the top line
of your error message was never \def'ed. If you have
misspelled it (e.g., `\hobx'), type `I' and the correct
spelling (e.g., `I\hbox'). Otherwise just continue,
and I'll forget about whatever was undefined.


LaTeX Warning: Reference `GenOsc' on page  undefined on input line 27.

Missing character: There is no √ in font cmtt10!
Missing character: There is no § in font cmtt10!
Missing character: There is no √ in font cmtt10!
Missing character: There is no • in font cmtt10!
Missing character: There is no √ in font cmtt10!
Missing character: There is no • in font cmtt10!
Missing character: There is no √ in font cmtt10!
Missing character: There is no ∂ in font cmtt10!
LaTeX Font Info:    External font `cmex10' loaded for size
(Font)              <7> on input line 27.
LaTeX Font Info:    External font `cmex10' loaded for size
(Font)              <5> on input line 27.
Missing character: There is no √ in font cmtt10!
Missing character: There is no § in font cmtt10!
! Undefined control sequence.
<write> ...Reference `GenOsc008' on page \thepage 
                                                  \space undefined\on@line .
l.27 ...$) √§r 0.2 h$^{-1}$. Figur \ref{GenOsc008}
                                                   visar detsamma fast med $...
The control sequence at the end of the top line
of your error message was never \def'ed. If you have
misspelled it (e.g., `\hobx'), type `I' and the correct
spelling (e.g., `I\hbox'). Otherwise just continue,
and I'll forget about whatever was undefined.


LaTeX Warning: Reference `GenOsc008' on page  undefined on input line 27.


Overfull \hbox (46.24977pt too wide) in paragraph at lines 27--28
[]\OT1/cmtt/m/n/10 Figur
 []


Overfull \hbox (10.86105pt too wide) in paragraph at lines 27--28
[]
 []


Overfull \hbox (26.24977pt too wide) in paragraph at lines 27--28
\OT1/cmtt/m/n/10 visar
 []


Overfull \hbox (15.74986pt too wide) in paragraph at lines 27--28
\OT1/cmtt/m/n/10 hur
 []


Overfull \hbox (31.49973pt too wide) in paragraph at lines 27--28
\OT1/cmtt/m/n/10 mngden
 []


Overfull \hbox (10.49991pt too wide) in paragraph at lines 27--28
\OT1/cmtt/m/n/10 av
 []


Overfull \hbox (10.49991pt too wide) in paragraph at lines 27--28
\OT1/cmtt/m/n/10 de
 []


Overfull \hbox (15.74986pt too wide) in paragraph at lines 27--28
\OT1/cmtt/m/n/10 bda
 []


Overfull \hbox (57.7495pt too wide) in paragraph at lines 27--28
\OT1/cmtt/m/n/10 proteinerna
 []


Overfull \hbox (41.99963pt too wide) in paragraph at lines 27--28
\OT1/cmtt/m/n/10 varierar
 []


Overfull \hbox (26.24977pt too wide) in paragraph at lines 27--28
\OT1/cmtt/m/n/10 under
 []


Overfull \hbox (15.74986pt too wide) in paragraph at lines 27--28
\OT1/cmtt/m/n/10 200
 []


Overfull \hbox (31.49973pt too wide) in paragraph at lines 27--28
\OT1/cmtt/m/n/10 timmar
 []


Overfull \hbox (5.24995pt too wide) in paragraph at lines 27--28
\OT1/cmtt/m/n/10 d
 []


Overfull \hbox (57.7495pt too wide) in paragraph at lines 27--28
\OT1/cmtt/m/n/10 hastigheten
 []


Overfull \hbox (10.49991pt too wide) in paragraph at lines 27--28
\OT1/cmtt/m/n/10 fr
 []


Overfull \hbox (15.74986pt too wide) in paragraph at lines 27--28
\OT1/cmtt/m/n/10 den
 []


Overfull \hbox (41.99963pt too wide) in paragraph at lines 27--28
\OT1/cmtt/m/n/10 spontana
 []


Overfull \hbox (68.2494pt too wide) in paragraph at lines 27--28
\OT1/cmtt/m/n/10 nedbrytningen
 []


Overfull \hbox (10.49991pt too wide) in paragraph at lines 27--28
\OT1/cmtt/m/n/10 av
 []


Overfull \hbox (36.74968pt too wide) in paragraph at lines 27--28
\OT1/cmtt/m/n/10 protein
 []


Overfull \hbox (5.24995pt too wide) in paragraph at lines 27--28
\OT1/cmtt/m/n/10 R
 []


Overfull \hbox (21.50444pt too wide) in paragraph at lines 27--28
\OT1/cmtt/m/n/10 ($\OML/cmm/m/it/10 ^^N[]$\OT1/cmtt/m/n/10 )
 []


Overfull \hbox (5.24995pt too wide) in paragraph at lines 27--28
\OT1/cmtt/m/n/10 r
 []


Overfull \hbox (15.74986pt too wide) in paragraph at lines 27--28
\OT1/cmtt/m/n/10 0.2
 []


Overfull \hbox (21.23605pt too wide) in paragraph at lines 27--28
\OT1/cmtt/m/n/10 h$[]$.
 []


Overfull \hbox (26.24977pt too wide) in paragraph at lines 27--28
\OT1/cmtt/m/n/10 Figur
 []


Overfull \hbox (10.86105pt too wide) in paragraph at lines 27--28
[]
 []


Overfull \hbox (26.24977pt too wide) in paragraph at lines 27--28
\OT1/cmtt/m/n/10 visar
 []


Overfull \hbox (41.99963pt too wide) in paragraph at lines 27--28
\OT1/cmtt/m/n/10 detsamma
 []


Overfull \hbox (20.99982pt too wide) in paragraph at lines 27--28
\OT1/cmtt/m/n/10 fast
 []


Overfull \hbox (15.74986pt too wide) in paragraph at lines 27--28
\OT1/cmtt/m/n/10 med
 []


Overfull \hbox (21.56004pt too wide) in paragraph at lines 27--28
\OML/cmm/m/it/10 ^^N[] \OT1/cmr/m/n/10 =$
 []


Overfull \hbox (20.99982pt too wide) in paragraph at lines 27--28
\OT1/cmtt/m/n/10 0.08
 []


Overfull \hbox (21.23605pt too wide) in paragraph at lines 27--28
\OT1/cmtt/m/n/10 h$[]$. 
 []


! LaTeX Error: Missing \begin{document}.

See the LaTeX manual or LaTeX Companion for explanation.
Type  H <return>  for immediate help.
 ...                                              
                                                  
l.29 F
      igur \ref{Steg} visar hur tidsstegl√§ngden varierar med avseende p√• t...

You're in trouble here.  Try typing  <return>  to proceed.
If that doesn't work, type  X <return>  to quit.

! Undefined control sequence.
<write> ...ing: Reference `Steg' on page \thepage 
                                                  \space undefined\on@line .
l.29 Figur \ref{Steg}
                      visar hur tidsstegl√§ngden varierar med avseende p√• t...
The control sequence at the end of the top line
of your error message was never \def'ed. If you have
misspelled it (e.g., `\hobx'), type `I' and the correct
spelling (e.g., `I\hbox'). Otherwise just continue,
and I'll forget about whatever was undefined.


LaTeX Warning: Reference `Steg' on page  undefined on input line 29.

Missing character: There is no √ in font cmtt10!
Missing character: There is no § in font cmtt10!
Missing character: There is no √ in font cmtt10!
Missing character: There is no • in font cmtt10!
Missing character: There is no √ in font cmtt10!
Missing character: There is no ∂ in font cmtt10!
Missing character: There is no √ in font cmtt10!
Missing character: There is no • in font cmtt10!
)
! Emergency stop.
<*> resultat.tex
                
*** (job aborted, no legal \end found)

 
Here is how much of TeX's memory you used:
 17 strings out of 495021
 258 string characters out of 6181345
 48963 words of memory out of 5000000
 3328 multiletter control sequences out of 15000+600000
 4462 words of font info for 17 fonts, out of 8000000 for 9000
 14 hyphenation exceptions out of 8191
 19i,2n,19p,284b,67s stack positions out of 5000i,500n,10000p,200000b,80000s
!  ==> Fatal error occurred, no output PDF file produced!
